<?xml version="1.0" encoding="UTF-8"?>
<testng-results skipped="0" failed="0" ignored="0" total="1" passed="1">
  <reporter-output>
  </reporter-output>
  <suite name="SIEV.test.Tests" duration-ms="148669" started-at="2019-11-15T21:58:37Z" finished-at="2019-11-15T22:01:05Z">
    <groups>
    </groups>
    <test name="Command line test" duration-ms="148669" started-at="2019-11-15T21:58:37Z" finished-at="2019-11-15T22:01:05Z">
      <class name="SIEV.test.Tests">
        <test-method status="PASS" signature="init()[pri:0, instance:SIEV.test.Tests@2acf57e3]" name="init" is-config="true" duration-ms="8318" started-at="2019-11-15T21:58:37Z" finished-at="2019-11-15T21:58:45Z">
          <reporter-output>
          </reporter-output>
        </test-method> <!-- init -->
        <test-method status="PASS" signature="assertValidPhoneNumber()[pri:0, instance:SIEV.test.Tests@2acf57e3]" name="assertValidPhoneNumber" duration-ms="138008" started-at="2019-11-15T21:58:45Z" finished-at="2019-11-15T22:01:03Z">
          <reporter-output>
          </reporter-output>
        </test-method> <!-- assertValidPhoneNumber -->
        <test-method status="PASS" signature="endTest()[pri:0, instance:SIEV.test.Tests@2acf57e3]" name="endTest" is-config="true" duration-ms="2324" started-at="2019-11-15T22:01:03Z" finished-at="2019-11-15T22:01:05Z">
          <reporter-output>
          </reporter-output>
        </test-method> <!-- endTest -->
      </class> <!-- SIEV.test.Tests -->
    </test> <!-- Command line test -->
  </suite> <!-- SIEV.test.Tests -->
</testng-results>
