<?xml version="1.0" encoding="UTF-8"?>
<!-- Generated by org.testng.reporters.JUnitXMLReporter -->
<testsuite hostname="5491MTY" ignored="0" name="Command line test" tests="4" failures="0" timestamp="11 Nov 2019 19:31:42 GMT" time="63.326" errors="0">
  <testcase name="LoginFailTest" time="6.178" classname="SIEV.test.Tests"/>
  <testcase name="LoginOkTest" time="3.418" classname="SIEV.test.Tests"/>
  <testcase name="LoginWrongRegionTest" time="6.233" classname="SIEV.test.Tests"/>
  <testcase name="LoginWrongUserTypeTest" time="5.676" classname="SIEV.test.Tests"/>
</testsuite> <!-- Command line test -->
